HBQ>>> server.cfg geöffnet...
HBQ>>> initialisiert worden von <9244.180.0>. 
DLQ >> initialisiert mit Kapazitaet: 9
DLQ >> Nachricht 1 in DLQ eingefuegt
DLQ >> Nachricht 2 in DLQ eingefuegt
DLQ >> Nachricht 3 in DLQ eingefuegt
DLQ >> Nachricht 4 in DLQ eingefuegt
DLQ >> Nachricht 5 in DLQ eingefuegt
DLQ >> Nachricht 6 in DLQ eingefuegt
DLQ >> Nachricht 7 in DLQ eingefuegt
DLQ >> Nachricht 8 in DLQ eingefuegt
DLQ >> Nachricht 9 in DLQ eingefuegt
DLQ >> Nachricht 1 an Client <9249.41.0> ausgeliefert
DLQ >> Nachricht 2 an Client <9249.41.0> ausgeliefert
DLQ >> Nachricht 3 an Client <9249.41.0> ausgeliefert
DLQ >> Nachricht 4 an Client <9249.41.0> ausgeliefert
DLQ >> Nachricht 5 an Client <9249.41.0> ausgeliefert
DLQ >> Nachricht 6 an Client <9249.41.0> ausgeliefert
DLQ >> Nachricht 7 an Client <9249.41.0> ausgeliefert
DLQ >> Nachricht 8 an Client <9249.41.0> ausgeliefert
DLQ >> Nachricht 9 an Client <9249.41.0> ausgeliefert
DLQ >> Nachricht 10 in DLQ eingefuegt
DLQ >> Nachricht 1 aus DLQ geloescht
DLQ >> Nachricht 2 an Client <9250.41.0> ausgeliefert
DLQ >> Nachricht 3 an Client <9250.41.0> ausgeliefert
DLQ >> Nachricht 4 an Client <9250.41.0> ausgeliefert
DLQ >> Nachricht 5 an Client <9250.41.0> ausgeliefert
DLQ >> Nachricht 6 an Client <9250.41.0> ausgeliefert
DLQ >> Nachricht 7 an Client <9250.41.0> ausgeliefert
DLQ >> Nachricht 8 an Client <9250.41.0> ausgeliefert
DLQ >> Nachricht 9 an Client <9250.41.0> ausgeliefert
DLQ >> Nachricht 10 an Client <9250.41.0> ausgeliefert
DLQ >> Nachricht 11 in DLQ eingefuegt
DLQ >> Nachricht 2 aus DLQ geloescht
DLQ >> Nachricht 12 in DLQ eingefuegt
DLQ >> Nachricht 3 aus DLQ geloescht
DLQ >> Nachricht 13 in DLQ eingefuegt
DLQ >> Nachricht 4 aus DLQ geloescht
DLQ >> Nachricht 14 in DLQ eingefuegt
DLQ >> Nachricht 5 aus DLQ geloescht
DLQ >> Nachricht 15 in DLQ eingefuegt
DLQ >> Nachricht 6 aus DLQ geloescht
DLQ >> Nachricht 16 in DLQ eingefuegt
DLQ >> Nachricht 7 aus DLQ geloescht
DLQ >> Nachricht 17 in DLQ eingefuegt
DLQ >> Nachricht 8 aus DLQ geloescht
DLQ >> Nachricht 18 in DLQ eingefuegt
DLQ >> Nachricht 9 aus DLQ geloescht
DLQ >> Nachricht 19 in DLQ eingefuegt
DLQ >> Nachricht 10 aus DLQ geloescht
DLQ >> Nachricht 20 in DLQ eingefuegt
DLQ >> Nachricht 11 aus DLQ geloescht
DLQ >> Nachricht 12 an Client <9249.41.0> ausgeliefert
DLQ >> Nachricht 13 an Client <9249.41.0> ausgeliefert
DLQ >> Nachricht 14 an Client <9249.41.0> ausgeliefert
DLQ >> Nachricht 15 an Client <9249.41.0> ausgeliefert
DLQ >> Nachricht 16 an Client <9249.41.0> ausgeliefert
DLQ >> Nachricht 17 an Client <9249.41.0> ausgeliefert
DLQ >> Nachricht 18 an Client <9249.41.0> ausgeliefert
DLQ >> Nachricht 19 an Client <9249.41.0> ausgeliefert
DLQ >> Nachricht 20 an Client <9249.41.0> ausgeliefert
DLQ >> Nachricht 21 in DLQ eingefuegt
DLQ >> Nachricht 12 aus DLQ geloescht
DLQ >> Nachricht 13 an Client <9250.41.0> ausgeliefert
DLQ >> Nachricht 14 an Client <9250.41.0> ausgeliefert
DLQ >> Nachricht 15 an Client <9250.41.0> ausgeliefert
DLQ >> Nachricht 16 an Client <9250.41.0> ausgeliefert
DLQ >> Nachricht 17 an Client <9250.41.0> ausgeliefert
DLQ >> Nachricht 18 an Client <9250.41.0> ausgeliefert
DLQ >> Nachricht 19 an Client <9250.41.0> ausgeliefert
DLQ >> Nachricht 20 an Client <9250.41.0> ausgeliefert
DLQ >> Nachricht 21 an Client <9250.41.0> ausgeliefert
DLQ >> Nachricht 22 in DLQ eingefuegt
DLQ >> Nachricht 13 aus DLQ geloescht
DLQ >> Nachricht 23 in DLQ eingefuegt
DLQ >> Nachricht 14 aus DLQ geloescht
DLQ >> Nachricht 24 in DLQ eingefuegt
DLQ >> Nachricht 15 aus DLQ geloescht
DLQ >> Nachricht 25 in DLQ eingefuegt
DLQ >> Nachricht 16 aus DLQ geloescht
DLQ >> Nachricht 26 in DLQ eingefuegt
DLQ >> Nachricht 17 aus DLQ geloescht
DLQ >> Nachricht 27 in DLQ eingefuegt
DLQ >> Nachricht 18 aus DLQ geloescht
DLQ >> Nachricht 28 in DLQ eingefuegt
DLQ >> Nachricht 19 aus DLQ geloescht
DLQ >> Nachricht 29 in DLQ eingefuegt
DLQ >> Nachricht 20 aus DLQ geloescht
DLQ >> Nachricht 30 in DLQ eingefuegt
DLQ >> Nachricht 21 aus DLQ geloescht
DLQ >> Nachricht 31 in DLQ eingefuegt
DLQ >> Nachricht 22 aus DLQ geloescht
DLQ >> Nachricht 32 in DLQ eingefuegt
DLQ >> Nachricht 23 aus DLQ geloescht
DLQ >> Nachricht 24 an Client <9249.41.0> ausgeliefert
DLQ >> Nachricht 25 an Client <9249.41.0> ausgeliefert
DLQ >> Nachricht 26 an Client <9249.41.0> ausgeliefert
DLQ >> Nachricht 27 an Client <9249.41.0> ausgeliefert
DLQ >> Nachricht 28 an Client <9249.41.0> ausgeliefert
DLQ >> Nachricht 29 an Client <9249.41.0> ausgeliefert
DLQ >> Nachricht 30 an Client <9249.41.0> ausgeliefert
DLQ >> Nachricht 31 an Client <9249.41.0> ausgeliefert
DLQ >> Nachricht 32 an Client <9249.41.0> ausgeliefert
DLQ >> Nachricht 33 in DLQ eingefuegt
DLQ >> Nachricht 24 aus DLQ geloescht
DLQ >> Nachricht 25 an Client <9250.41.0> ausgeliefert
DLQ >> Nachricht 26 an Client <9250.41.0> ausgeliefert
DLQ >> Nachricht 27 an Client <9250.41.0> ausgeliefert
DLQ >> Nachricht 28 an Client <9250.41.0> ausgeliefert
DLQ >> Nachricht 29 an Client <9250.41.0> ausgeliefert
DLQ >> Nachricht 30 an Client <9250.41.0> ausgeliefert
DLQ >> Nachricht 31 an Client <9250.41.0> ausgeliefert
DLQ >> Nachricht 32 an Client <9250.41.0> ausgeliefert
DLQ >> Nachricht 33 an Client <9250.41.0> ausgeliefert
DLQ >> Nachricht 34 in DLQ eingefuegt
DLQ >> Nachricht 25 aus DLQ geloescht
DLQ >> Nachricht 35 in DLQ eingefuegt
DLQ >> Nachricht 26 aus DLQ geloescht
DLQ >> Nachricht 36 in DLQ eingefuegt
DLQ >> Nachricht 27 aus DLQ geloescht
