"3-1-client@hildes-stube-<0.41.0>-2te_Nachricht. C Out: 04.04 19:22:30,980|" gesendet
"3-1-client@hildes-stube-<0.41.0>-4te_Nachricht. C Out: 04.04 19:22:33,985|" gesendet
"3-1-client@hildes-stube-<0.41.0>-6te_Nachricht. C Out: 04.04 19:22:36,994|" gesendet
"3-1-client@hildes-stube-<0.41.0>-8te_Nachricht. C Out: 04.04 19:22:39,003|" gesendet
"3-1-client@hildes-stube-<0.41.0>-10te_Nachricht. C Out: 04.04 19:22:43,013|" gesendet
13te_Nachricht um 04.04 19:22:43,016| vergessen zu senden
neues Sendeintervall: 2 Sekunden (3)
dropmessages..Done
"\"3-1-client@hildes-stube-<0.55.0>-1te_Nachricht. C Out: 04.04 19:22:29,494|\" TSdlqin: 04.04 19:22:29,495|" received new message; C In: 04.04 19:22:43,019|
"\"3-1-client@hildes-stube-<0.41.0>-2te_Nachricht. C Out: 04.04 19:22:30,980|\" TSdlqin: 04.04 19:22:30,981|" received new message; C In: 04.04 19:22:43,021|
"\"3-1-client@hildes-stube-<0.55.0>-3te_Nachricht. C Out: 04.04 19:22:32,498|\" TSdlqin: 04.04 19:22:32,501|" received new message; C In: 04.04 19:22:43,023|
"\"3-1-client@hildes-stube-<0.41.0>-4te_Nachricht. C Out: 04.04 19:22:33,985|\" TSdlqin: 04.04 19:22:33,986|" received new message; C In: 04.04 19:22:43,027|
"\"3-1-client@hildes-stube-<0.55.0>-5te_Nachricht. C Out: 04.04 19:22:35,509|\" TSdlqin: 04.04 19:22:35,511|" received new message; C In: 04.04 19:22:43,029|
"\"3-1-client@hildes-stube-<0.41.0>-6te_Nachricht. C Out: 04.04 19:22:36,994|\" TSdlqin: 04.04 19:22:36,997|" received new message; C In: 04.04 19:22:43,031|
"\"3-1-client@hildes-stube-<0.55.0>-7te_Nachricht. C Out: 04.04 19:22:38,520|\" TSdlqin: 04.04 19:22:38,522|" received new message; C In: 04.04 19:22:43,033|
"\"3-1-client@hildes-stube-<0.41.0>-8te_Nachricht. C Out: 04.04 19:22:39,003|\" TSdlqin: 04.04 19:22:39,005|" received new message; C In: 04.04 19:22:43,035|
"\"3-1-client@hildes-stube-<0.55.0>-9te_Nachricht. C Out: 04.04 19:22:41,529|\" TSdlqin: 04.04 19:22:41,532|" received new message; C In: 04.04 19:22:43,037|
"\"3-1-client@hildes-stube-<0.41.0>-10te_Nachricht. C Out: 04.04 19:22:43,013|\" TSdlqin: 04.04 19:22:43,014|" received a dummy message; C In: 04.04 19:22:43,039|
getmessages..Done
"3-1-client@hildes-stube-<0.41.0>-14te_Nachricht. C Out: 04.04 19:22:45,041|" gesendet
"3-1-client@hildes-stube-<0.41.0>-16te_Nachricht. C Out: 04.04 19:22:47,049|" gesendet
"3-1-client@hildes-stube-<0.41.0>-18te_Nachricht. C Out: 04.04 19:22:49,057|" gesendet
"3-1-client@hildes-stube-<0.41.0>-20te_Nachricht. C Out: 04.04 19:22:51,065|" gesendet
"3-1-client@hildes-stube-<0.41.0>-22te_Nachricht. C Out: 04.04 19:22:53,073|" gesendet
25te_Nachricht um 04.04 19:22:53,080| vergessen zu senden
neues Sendeintervall: 2 Sekunden (2)
dropmessages..Done
"Dummy Nachricht " received a dummy message; C In: 04.04 19:22:53,087|
getmessages..Done
"3-1-client@hildes-stube-<0.41.0>-26te_Nachricht. C Out: 04.04 19:22:55,089|" gesendet
"3-1-client@hildes-stube-<0.41.0>-28te_Nachricht. C Out: 04.04 19:22:57,098|" gesendet
"3-1-client@hildes-stube-<0.41.0>-30te_Nachricht. C Out: 04.04 19:22:59,101|" gesendet
"3-1-client@hildes-stube-<0.41.0>-32te_Nachricht. C Out: 04.04 19:23:01,106|" gesendet
"3-1-client@hildes-stube-<0.41.0>-34te_Nachricht. C Out: 04.04 19:23:03,114|" gesendet
37te_Nachricht um 04.04 19:23:03,120| vergessen zu senden
neues Sendeintervall: 3 Sekunden (2)
dropmessages..Done
"Dummy Nachricht " received a dummy message; C In: 04.04 19:23:03,130|
getmessages..Done
"3-1-client@hildes-stube-<0.41.0>-38te_Nachricht. C Out: 04.04 19:23:06,133|" gesendet
"3-1-client@hildes-stube-<0.41.0>-40te_Nachricht. C Out: 04.04 19:23:09,143|" gesendet
"3-1-client@hildes-stube-<0.41.0>-42te_Nachricht. C Out: 04.04 19:23:12,151|" gesendet
reader-client interruted: timeout 04.04 19:23:12,151|