"3-1-client@hildes-stube-<0.55.0>-1te_Nachricht. C Out: 04.04 19:22:29,494|" gesendet
"3-1-client@hildes-stube-<0.55.0>-3te_Nachricht. C Out: 04.04 19:22:32,498|" gesendet
"3-1-client@hildes-stube-<0.55.0>-5te_Nachricht. C Out: 04.04 19:22:35,509|" gesendet
"3-1-client@hildes-stube-<0.55.0>-7te_Nachricht. C Out: 04.04 19:22:38,520|" gesendet
"3-1-client@hildes-stube-<0.55.0>-9te_Nachricht. C Out: 04.04 19:22:41,529|" gesendet
11te_Nachricht um 04.04 19:22:41,538| vergessen zu senden
neues Sendeintervall: 2 Sekunden (3)
dropmessages..Done
"\"3-1-client@hildes-stube-<0.55.0>-1te_Nachricht. C Out: 04.04 19:22:29,494|\" TSdlqin: 04.04 19:22:29,495|" received new message; C In: 04.04 19:22:41,543|
"\"3-1-client@hildes-stube-<0.41.0>-2te_Nachricht. C Out: 04.04 19:22:30,980|\" TSdlqin: 04.04 19:22:30,981|" received new message; C In: 04.04 19:22:41,549|
"\"3-1-client@hildes-stube-<0.55.0>-3te_Nachricht. C Out: 04.04 19:22:32,498|\" TSdlqin: 04.04 19:22:32,501|" received new message; C In: 04.04 19:22:41,550|
"\"3-1-client@hildes-stube-<0.41.0>-4te_Nachricht. C Out: 04.04 19:22:33,985|\" TSdlqin: 04.04 19:22:33,986|" received new message; C In: 04.04 19:22:41,551|
"\"3-1-client@hildes-stube-<0.55.0>-5te_Nachricht. C Out: 04.04 19:22:35,509|\" TSdlqin: 04.04 19:22:35,511|" received new message; C In: 04.04 19:22:41,553|
"\"3-1-client@hildes-stube-<0.41.0>-6te_Nachricht. C Out: 04.04 19:22:36,994|\" TSdlqin: 04.04 19:22:36,997|" received new message; C In: 04.04 19:22:41,555|
"\"3-1-client@hildes-stube-<0.55.0>-7te_Nachricht. C Out: 04.04 19:22:38,520|\" TSdlqin: 04.04 19:22:38,522|" received new message; C In: 04.04 19:22:41,556|
"\"3-1-client@hildes-stube-<0.41.0>-8te_Nachricht. C Out: 04.04 19:22:39,003|\" TSdlqin: 04.04 19:22:39,005|" received new message; C In: 04.04 19:22:41,557|
"\"3-1-client@hildes-stube-<0.55.0>-9te_Nachricht. C Out: 04.04 19:22:41,529|\" TSdlqin: 04.04 19:22:41,532|" received a dummy message; C In: 04.04 19:22:41,558|
getmessages..Done
"3-1-client@hildes-stube-<0.55.0>-12te_Nachricht. C Out: 04.04 19:22:43,560|" gesendet
"3-1-client@hildes-stube-<0.55.0>-15te_Nachricht. C Out: 04.04 19:22:45,568|" gesendet
"3-1-client@hildes-stube-<0.55.0>-17te_Nachricht. C Out: 04.04 19:22:47,576|" gesendet
"3-1-client@hildes-stube-<0.55.0>-19te_Nachricht. C Out: 04.04 19:22:49,584|" gesendet
"3-1-client@hildes-stube-<0.55.0>-21te_Nachricht. C Out: 04.04 19:22:51,588|" gesendet
23te_Nachricht um 04.04 19:22:51,596| vergessen zu senden
neues Sendeintervall: 2 Sekunden (2)
dropmessages..Done
"Dummy Nachricht " received a dummy message; C In: 04.04 19:22:51,601|
getmessages..Done
"3-1-client@hildes-stube-<0.55.0>-24te_Nachricht. C Out: 04.04 19:22:53,614|" gesendet
"3-1-client@hildes-stube-<0.55.0>-27te_Nachricht. C Out: 04.04 19:22:55,623|" gesendet
"3-1-client@hildes-stube-<0.55.0>-29te_Nachricht. C Out: 04.04 19:22:57,627|" gesendet
"3-1-client@hildes-stube-<0.55.0>-31te_Nachricht. C Out: 04.04 19:22:59,630|" gesendet
"3-1-client@hildes-stube-<0.55.0>-33te_Nachricht. C Out: 04.04 19:23:01,638|" gesendet
35te_Nachricht um 04.04 19:23:01,645| vergessen zu senden
neues Sendeintervall: 3 Sekunden (2)
dropmessages..Done
"Dummy Nachricht " received a dummy message; C In: 04.04 19:23:01,654|
getmessages..Done
"3-1-client@hildes-stube-<0.55.0>-36te_Nachricht. C Out: 04.04 19:23:04,657|" gesendet
"3-1-client@hildes-stube-<0.55.0>-39te_Nachricht. C Out: 04.04 19:23:07,665|" gesendet
"3-1-client@hildes-stube-<0.55.0>-41te_Nachricht. C Out: 04.04 19:23:10,674|" gesendet
reader-client interruted: timeout 04.04 19:23:10,674|