"3-1-client@hildes-stube-<0.224.0>-5te_Nachricht. C Out: 07.04 16:12:46,352|" gesendet
"3-1-client@hildes-stube-<0.224.0>-7te_Nachricht. C Out: 07.04 16:12:49,355|" gesendet
"3-1-client@hildes-stube-<0.224.0>-10te_Nachricht. C Out: 07.04 16:12:52,358|" gesendet
"3-1-client@hildes-stube-<0.224.0>-12te_Nachricht. C Out: 07.04 16:12:55,362|" gesendet
"3-1-client@hildes-stube-<0.224.0>-15te_Nachricht. C Out: 07.04 16:12:58,365|" gesendet
17te_Nachricht um 07.04 16:12:58,367| vergessen zu senden
neues Sendeintervall: 2 Sekunden (3)
dropmessages..Done
"\"3-1-client@hildes-stube-<0.224.0>-7te_Nachricht. C Out: 07.04 16:12:49,355|\" TSdlqin: 07.04 16:12:49,355|" received new message; C In: 07.04 16:12:58,369|
"\"Fehlernachricht fuer Nachrichten 8 bis 8 generiert um 07.04 16:12:57,295|\" TSdlqin: 07.04 16:12:57,295|" received new message; C In: 07.04 16:12:58,372|
"\"3-1-client@hildes-stube-<0.213.0>-9te_Nachricht. C Out: 07.04 16:12:51,277|\" TSdlqin: 07.04 16:12:57,295|" received new message; C In: 07.04 16:12:58,376|
"\"3-1-client@hildes-stube-<0.224.0>-10te_Nachricht. C Out: 07.04 16:12:52,358|\" TSdlqin: 07.04 16:12:57,295|" received new message; C In: 07.04 16:12:58,382|
"\"3-1-client@hildes-stube-<0.213.0>-11te_Nachricht. C Out: 07.04 16:12:53,281|\" TSdlqin: 07.04 16:12:57,296|" received new message; C In: 07.04 16:12:58,384|
"\"3-1-client@hildes-stube-<0.224.0>-12te_Nachricht. C Out: 07.04 16:12:55,362|\" TSdlqin: 07.04 16:12:57,296|" received new message; C In: 07.04 16:12:58,392|
"\"3-1-client@hildes-stube-<0.213.0>-13te_Nachricht. C Out: 07.04 16:12:55,288|\" TSdlqin: 07.04 16:12:57,296|" received new message; C In: 07.04 16:12:58,394|
"\"3-1-client@hildes-stube-<0.213.0>-14te_Nachricht. C Out: 07.04 16:12:57,294|\" TSdlqin: 07.04 16:12:57,297|" received new message; C In: 07.04 16:12:58,395|
"\"3-1-client@hildes-stube-<0.224.0>-15te_Nachricht. C Out: 07.04 16:12:58,365|\" TSdlqin: 07.04 16:12:58,366|" received last message; C In: 07.04 16:12:58,396|
getmessages..Done
"3-1-client@hildes-stube-<0.224.0>-18te_Nachricht. C Out: 07.04 16:13:00,399|" gesendet
"3-1-client@hildes-stube-<0.224.0>-21te_Nachricht. C Out: 07.04 16:13:02,402|" gesendet
"3-1-client@hildes-stube-<0.224.0>-23te_Nachricht. C Out: 07.04 16:13:04,408|" gesendet
"3-1-client@hildes-stube-<0.224.0>-25te_Nachricht. C Out: 07.04 16:13:06,414|" gesendet
"3-1-client@hildes-stube-<0.224.0>-27te_Nachricht. C Out: 07.04 16:13:08,418|" gesendet
29te_Nachricht um 07.04 16:13:08,423| vergessen zu senden
neues Sendeintervall: 2 Sekunden (2)
dropmessages..Done
"\"Fehlernachricht fuer Nachrichten 19 bis 19 generiert um 07.04 16:13:06,414|\" TSdlqin: 07.04 16:13:06,414|" received new message; C In: 07.04 16:13:08,424|
"\"3-1-client@hildes-stube-<0.213.0>-20te_Nachricht. C Out: 07.04 16:13:01,328|\" TSdlqin: 07.04 16:13:06,414|" received new message; C In: 07.04 16:13:08,424|
"\"3-1-client@hildes-stube-<0.224.0>-21te_Nachricht. C Out: 07.04 16:13:02,402|\" TSdlqin: 07.04 16:13:06,414|" received new message; C In: 07.04 16:13:08,425|
"\"3-1-client@hildes-stube-<0.213.0>-22te_Nachricht. C Out: 07.04 16:13:03,334|\" TSdlqin: 07.04 16:13:06,414|" received new message; C In: 07.04 16:13:08,426|
"\"3-1-client@hildes-stube-<0.224.0>-23te_Nachricht. C Out: 07.04 16:13:04,408|\" TSdlqin: 07.04 16:13:06,415|" received new message; C In: 07.04 16:13:08,427|
"\"3-1-client@hildes-stube-<0.213.0>-24te_Nachricht. C Out: 07.04 16:13:05,338|\" TSdlqin: 07.04 16:13:06,415|" received new message; C In: 07.04 16:13:08,428|
"\"3-1-client@hildes-stube-<0.224.0>-25te_Nachricht. C Out: 07.04 16:13:06,414|\" TSdlqin: 07.04 16:13:06,415|" received new message; C In: 07.04 16:13:08,429|
"\"3-1-client@hildes-stube-<0.213.0>-26te_Nachricht. C Out: 07.04 16:13:07,342|\" TSdlqin: 07.04 16:13:07,343|" received new message; C In: 07.04 16:13:08,430|
"\"3-1-client@hildes-stube-<0.224.0>-27te_Nachricht. C Out: 07.04 16:13:08,418|\" TSdlqin: 07.04 16:13:08,420|" received last message; C In: 07.04 16:13:08,430|
getmessages..Done
"3-1-client@hildes-stube-<0.224.0>-30te_Nachricht. C Out: 07.04 16:13:10,434|" gesendet
"3-1-client@hildes-stube-<0.224.0>-33te_Nachricht. C Out: 07.04 16:13:12,440|" gesendet
"3-1-client@hildes-stube-<0.224.0>-35te_Nachricht. C Out: 07.04 16:13:14,444|" gesendet
"3-1-client@hildes-stube-<0.224.0>-36te_Nachricht. C Out: 07.04 16:13:16,447|" gesendet
"3-1-client@hildes-stube-<0.224.0>-38te_Nachricht. C Out: 07.04 16:13:18,452|" gesendet
40te_Nachricht um 07.04 16:13:18,454| vergessen zu senden
neues Sendeintervall: 3 Sekunden (2)
dropmessages..Done
"\"3-1-client@hildes-stube-<0.224.0>-30te_Nachricht. C Out: 07.04 16:13:10,434|\" TSdlqin: 07.04 16:13:16,448|" received new message; C In: 07.04 16:13:18,455|
"\"Fehlernachricht fuer Nachrichten 31 bis 31 generiert um 07.04 16:13:18,399|\" TSdlqin: 07.04 16:13:18,399|" received new message; C In: 07.04 16:13:18,456|
"\"3-1-client@hildes-stube-<0.213.0>-32te_Nachricht. C Out: 07.04 16:13:12,386|\" TSdlqin: 07.04 16:13:18,400|" received new message; C In: 07.04 16:13:18,457|
"\"3-1-client@hildes-stube-<0.224.0>-33te_Nachricht. C Out: 07.04 16:13:12,440|\" TSdlqin: 07.04 16:13:18,400|" received new message; C In: 07.04 16:13:18,458|
"\"3-1-client@hildes-stube-<0.213.0>-34te_Nachricht. C Out: 07.04 16:13:15,393|\" TSdlqin: 07.04 16:13:18,400|" received new message; C In: 07.04 16:13:18,458|
"\"3-1-client@hildes-stube-<0.224.0>-35te_Nachricht. C Out: 07.04 16:13:14,444|\" TSdlqin: 07.04 16:13:18,400|" received new message; C In: 07.04 16:13:18,459|
"\"3-1-client@hildes-stube-<0.224.0>-36te_Nachricht. C Out: 07.04 16:13:16,447|\" TSdlqin: 07.04 16:13:18,401|" received new message; C In: 07.04 16:13:18,461|
"\"3-1-client@hildes-stube-<0.213.0>-37te_Nachricht. C Out: 07.04 16:13:18,397|\" TSdlqin: 07.04 16:13:18,401|" received new message; C In: 07.04 16:13:18,462|
"\"3-1-client@hildes-stube-<0.224.0>-38te_Nachricht. C Out: 07.04 16:13:18,452|\" TSdlqin: 07.04 16:13:18,453|" received last message; C In: 07.04 16:13:18,463|
getmessages..Done
"3-1-client@hildes-stube-<0.224.0>-41te_Nachricht. C Out: 07.04 16:13:21,465|" gesendet
"3-1-client@hildes-stube-<0.224.0>-42te_Nachricht. C Out: 07.04 16:13:24,473|" gesendet
"3-1-client@hildes-stube-<0.224.0>-43te_Nachricht. C Out: 07.04 16:13:27,479|" gesendet
reader-client interruted: timeout 07.04 16:13:27,479|