"3-1-client@lab35-<0.42.0>-1te_Nachricht. C Out: 07.04 11:52:22,249|" gesendet
"3-1-client@lab35-<0.42.0>-2te_Nachricht. C Out: 07.04 11:52:25,251|" gesendet
"3-1-client@lab35-<0.42.0>-4te_Nachricht. C Out: 07.04 11:52:28,258|" gesendet
"3-1-client@lab35-<0.42.0>-6te_Nachricht. C Out: 07.04 11:52:31,264|" gesendet
"3-1-client@lab35-<0.42.0>-8te_Nachricht. C Out: 07.04 11:52:34,268|" gesendet
10te_Nachricht um 07.04 11:52:34,271| vergessen zu senden
neues Sendeintervall: 2 Sekunden (3)
dropmessages..Done
"\"3-1-client@lab35-<0.42.0>-1te_Nachricht. C Out: 07.04 11:52:22,249|\" TSdlqin: 07.04 11:52:22,251|" received new message; C In: 07.04 11:52:34,272|
"\"3-1-client@lab35-<0.42.0>-2te_Nachricht. C Out: 07.04 11:52:25,251|\" TSdlqin: 07.04 11:52:25,253|" received new message; C In: 07.04 11:52:34,275|
"\"3-1-client@lab35-<0.165.0>-3te_Nachricht. C Out: 07.04 11:52:26,244|\" TSdlqin: 07.04 11:52:26,246|" received new message; C In: 07.04 11:52:34,276|
"\"3-1-client@lab35-<0.42.0>-4te_Nachricht. C Out: 07.04 11:52:28,258|\" TSdlqin: 07.04 11:52:28,260|" received new message; C In: 07.04 11:52:34,277|
"\"3-1-client@lab35-<0.165.0>-5te_Nachricht. C Out: 07.04 11:52:29,247|\" TSdlqin: 07.04 11:52:29,249|" received new message; C In: 07.04 11:52:34,278|
"\"3-1-client@lab35-<0.42.0>-6te_Nachricht. C Out: 07.04 11:52:31,264|\" TSdlqin: 07.04 11:52:31,266|" received new message; C In: 07.04 11:52:34,279|
"\"3-1-client@lab35-<0.165.0>-7te_Nachricht. C Out: 07.04 11:52:32,250|\" TSdlqin: 07.04 11:52:32,252|" received new message; C In: 07.04 11:52:34,280|
"\"3-1-client@lab35-<0.42.0>-8te_Nachricht. C Out: 07.04 11:52:34,268|\" TSdlqin: 07.04 11:52:34,270|" received last message; C In: 07.04 11:52:34,281|
getmessages..Done
"3-1-client@lab35-<0.42.0>-11te_Nachricht. C Out: 07.04 11:52:36,283|" gesendet
"3-1-client@lab35-<0.42.0>-13te_Nachricht. C Out: 07.04 11:52:38,286|" gesendet
"3-1-client@lab35-<0.42.0>-15te_Nachricht. C Out: 07.04 11:52:40,288|" gesendet
"3-1-client@lab35-<0.42.0>-16te_Nachricht. C Out: 07.04 11:52:42,291|" gesendet
"3-1-client@lab35-<0.42.0>-19te_Nachricht. C Out: 07.04 11:52:44,294|" gesendet
21te_Nachricht um 07.04 11:52:44,295| vergessen zu senden
neues Sendeintervall: 3 Sekunden (2)
dropmessages..Done
"\"Fehlernachricht fuer Nachrichten 10 bis 10 generiert um 07.04 11:52:42,293|\" TSdlqin: 07.04 11:52:42,293|" received new message; C In: 07.04 11:52:44,296|
"\"3-1-client@lab35-<0.42.0>-11te_Nachricht. C Out: 07.04 11:52:36,283|\" TSdlqin: 07.04 11:52:42,293|" received new message; C In: 07.04 11:52:44,297|
"\"3-1-client@lab35-<0.165.0>-12te_Nachricht. C Out: 07.04 11:52:38,256|\" TSdlqin: 07.04 11:52:42,293|" received new message; C In: 07.04 11:52:44,299|
"\"3-1-client@lab35-<0.42.0>-13te_Nachricht. C Out: 07.04 11:52:38,286|\" TSdlqin: 07.04 11:52:42,293|" received new message; C In: 07.04 11:52:44,300|
"\"3-1-client@lab35-<0.165.0>-14te_Nachricht. C Out: 07.04 11:52:41,259|\" TSdlqin: 07.04 11:52:42,293|" received new message; C In: 07.04 11:52:44,301|
"\"3-1-client@lab35-<0.42.0>-15te_Nachricht. C Out: 07.04 11:52:40,288|\" TSdlqin: 07.04 11:52:42,293|" received new message; C In: 07.04 11:52:44,302|
"\"3-1-client@lab35-<0.42.0>-16te_Nachricht. C Out: 07.04 11:52:42,291|\" TSdlqin: 07.04 11:52:42,293|" received last message; C In: 07.04 11:52:44,303|
getmessages..Done
"3-1-client@lab35-<0.42.0>-22te_Nachricht. C Out: 07.04 11:52:47,307|" gesendet
"3-1-client@lab35-<0.42.0>-25te_Nachricht. C Out: 07.04 11:52:50,309|" gesendet
"3-1-client@lab35-<0.42.0>-27te_Nachricht. C Out: 07.04 11:52:53,312|" gesendet
"3-1-client@lab35-<0.42.0>-31te_Nachricht. C Out: 07.04 11:52:56,314|" gesendet
"3-1-client@lab35-<0.42.0>-33te_Nachricht. C Out: 07.04 11:52:59,316|" gesendet
35te_Nachricht um 07.04 11:52:59,317| vergessen zu senden
neues Sendeintervall: 5 Sekunden (3)
dropmessages..Done
"\"3-1-client@lab35-<0.42.0>-27te_Nachricht. C Out: 07.04 11:52:53,312|\" TSdlqin: 07.04 11:52:53,314|" received last message; C In: 07.04 11:52:59,318|
getmessages..Done
"3-1-client@lab35-<0.42.0>-36te_Nachricht. C Out: 07.04 11:53:04,322|" gesendet
reader-client interruted: timeout 07.04 11:53:04,322|